<?xml version="1.0" encoding="UTF-8"?>
<robot generator="Robot 7.0 (Python 3.13.0 on darwin)" generated="2025-03-04T10:17:02.463637" rpa="false" schemaversion="5">
<suite id="s1" name="Opentest1" source="/Users/rajitkaew.j/Documents/automate/tests1/opentest1.robot">
<test id="s1-t1" name="TC01 - open google and input search" line="8">
<kw name="Open url">
<kw name="Open Browser" owner="SeleniumLibrary">
<msg time="2025-03-04T10:17:02.662411" level="INFO">Opening browser 'chrome' to base url 'https://www.google.com/'.</msg>
<arg>${url}</arg>
<arg>${browser}</arg>
<doc>Opens a new browser instance to the optional ``url``.</doc>
<status status="PASS" start="2025-03-04T10:17:02.662130" elapsed="22.053314"/>
</kw>
<status status="PASS" start="2025-03-04T10:17:02.661415" elapsed="22.054540"/>
</kw>
<kw name="Input search">
<kw name="Input Text" owner="SeleniumLibrary">
<msg time="2025-03-04T10:17:24.717615" level="INFO">Typing text 'robot' into text field 'id=APjFqb'.</msg>
<arg>id=APjFqb</arg>
<arg>${value}</arg>
<doc>Types the given ``text`` into the text field identified by ``locator``.</doc>
<status status="PASS" start="2025-03-04T10:17:24.717289" elapsed="3.138099"/>
</kw>
<arg>robot</arg>
<status status="PASS" start="2025-03-04T10:17:24.716897" elapsed="3.138616"/>
</kw>
<status status="PASS" start="2025-03-04T10:17:02.661075" elapsed="25.194669"/>
</test>
<status status="PASS" start="2025-03-04T10:17:02.464669" elapsed="25.391659"/>
</suite>
<statistics>
<total>
<stat pass="1" fail="0" skip="0">All Tests</stat>
</total>
<tag>
</tag>
<suite>
<stat pass="1" fail="0" skip="0" id="s1" name="Opentest1">Opentest1</stat>
</suite>
</statistics>
<errors>
</errors>
</robot>
