<?xml version="1.0" encoding="UTF-8"?>
<robot generator="Robot 7.0 (Python 3.13.0 on darwin)" generated="2025-03-04T10:09:43.820040" rpa="false" schemaversion="5">
<suite id="s1" name="For Loop" source="/Users/rajitkaew.j/Documents/automate/automate4feb/for_loop.robot">
<test id="s1-t1" name="TC_01" line="6">
<kw name="Set Variable" owner="BuiltIn">
<msg time="2025-03-04T10:09:43.836114" level="INFO">${i} = 0</msg>
<var>${i}</var>
<arg>0</arg>
<doc>Returns the given values which can then be assigned to a variables.</doc>
<status status="PASS" start="2025-03-04T10:09:43.835971" elapsed="0.000169"/>
</kw>
<for flavor="IN">
<iter>
<kw name="Evaluate" owner="BuiltIn">
<msg time="2025-03-04T10:09:43.836634" level="INFO">${number} = 0</msg>
<var>${number}</var>
<arg>${i}%2</arg>
<doc>Evaluates the given expression in Python and returns the result.</doc>
<status status="PASS" start="2025-03-04T10:09:43.836469" elapsed="0.000185"/>
</kw>
<kw name="Log To Console" owner="BuiltIn">
<arg>${number}</arg>
<doc>Logs the given message to the console.</doc>
<status status="PASS" start="2025-03-04T10:09:43.836728" elapsed="0.000094"/>
</kw>
<if>
<branch type="IF" condition="${number}==0">
<kw name="Log To Console" owner="BuiltIn">
<arg>${i}</arg>
<doc>Logs the given message to the console.</doc>
<status status="PASS" start="2025-03-04T10:09:43.836981" elapsed="0.000084"/>
</kw>
<status status="PASS" start="2025-03-04T10:09:43.836875" elapsed="0.000236"/>
</branch>
<status status="PASS" start="2025-03-04T10:09:43.836860" elapsed="0.000275"/>
</if>
<kw name="Evaluate" owner="BuiltIn">
<msg time="2025-03-04T10:09:43.837346" level="INFO">${i} = 1</msg>
<var>${i}</var>
<arg>${i}+1</arg>
<doc>Evaluates the given expression in Python and returns the result.</doc>
<status status="PASS" start="2025-03-04T10:09:43.837202" elapsed="0.000159"/>
</kw>
<kw name="Exit For Loop If" owner="BuiltIn">
<arg>"${index.lower()}" == "blackwindow"</arg>
<doc>Stops executing the enclosing FOR loop if the ``condition`` is true.</doc>
<status status="PASS" start="2025-03-04T10:09:43.837422" elapsed="0.000521"/>
</kw>
<var name="${index}">ironman</var>
<status status="PASS" start="2025-03-04T10:09:43.836402" elapsed="0.001566"/>
</iter>
<iter>
<kw name="Evaluate" owner="BuiltIn">
<msg time="2025-03-04T10:09:43.838229" level="INFO">${number} = 1</msg>
<var>${number}</var>
<arg>${i}%2</arg>
<doc>Evaluates the given expression in Python and returns the result.</doc>
<status status="PASS" start="2025-03-04T10:09:43.838120" elapsed="0.000122"/>
</kw>
<kw name="Log To Console" owner="BuiltIn">
<arg>${number}</arg>
<doc>Logs the given message to the console.</doc>
<status status="PASS" start="2025-03-04T10:09:43.838295" elapsed="0.000083"/>
</kw>
<if>
<branch type="IF" condition="${number}==0">
<kw name="Log To Console" owner="BuiltIn">
<arg>${i}</arg>
<doc>Logs the given message to the console.</doc>
<status status="NOT RUN" start="2025-03-04T10:09:43.838508" elapsed="0.000009"/>
</kw>
<status status="NOT RUN" start="2025-03-04T10:09:43.838421" elapsed="0.000114"/>
</branch>
<status status="PASS" start="2025-03-04T10:09:43.838409" elapsed="0.000140"/>
</if>
<kw name="Evaluate" owner="BuiltIn">
<msg time="2025-03-04T10:09:43.838687" level="INFO">${i} = 2</msg>
<var>${i}</var>
<arg>${i}+1</arg>
<doc>Evaluates the given expression in Python and returns the result.</doc>
<status status="PASS" start="2025-03-04T10:09:43.838593" elapsed="0.000107"/>
</kw>
<kw name="Exit For Loop If" owner="BuiltIn">
<arg>"${index.lower()}" == "blackwindow"</arg>
<doc>Stops executing the enclosing FOR loop if the ``condition`` is true.</doc>
<status status="PASS" start="2025-03-04T10:09:43.838746" elapsed="0.000430"/>
</kw>
<var name="${index}">batman</var>
<status status="PASS" start="2025-03-04T10:09:43.838071" elapsed="0.001126"/>
</iter>
<iter>
<kw name="Evaluate" owner="BuiltIn">
<msg time="2025-03-04T10:09:43.839415" level="INFO">${number} = 0</msg>
<var>${number}</var>
<arg>${i}%2</arg>
<doc>Evaluates the given expression in Python and returns the result.</doc>
<status status="PASS" start="2025-03-04T10:09:43.839317" elapsed="0.000110"/>
</kw>
<kw name="Log To Console" owner="BuiltIn">
<arg>${number}</arg>
<doc>Logs the given message to the console.</doc>
<status status="PASS" start="2025-03-04T10:09:43.839474" elapsed="0.000077"/>
</kw>
<if>
<branch type="IF" condition="${number}==0">
<kw name="Log To Console" owner="BuiltIn">
<arg>${i}</arg>
<doc>Logs the given message to the console.</doc>
<status status="PASS" start="2025-03-04T10:09:43.839664" elapsed="0.000121"/>
</kw>
<status status="PASS" start="2025-03-04T10:09:43.839586" elapsed="0.000223"/>
</branch>
<status status="PASS" start="2025-03-04T10:09:43.839578" elapsed="0.000246"/>
</if>
<kw name="Evaluate" owner="BuiltIn">
<msg time="2025-03-04T10:09:43.840097" level="INFO">${i} = 3</msg>
<var>${i}</var>
<arg>${i}+1</arg>
<doc>Evaluates the given expression in Python and returns the result.</doc>
<status status="PASS" start="2025-03-04T10:09:43.839928" elapsed="0.000186"/>
</kw>
<kw name="Exit For Loop If" owner="BuiltIn">
<arg>"${index.lower()}" == "blackwindow"</arg>
<doc>Stops executing the enclosing FOR loop if the ``condition`` is true.</doc>
<status status="PASS" start="2025-03-04T10:09:43.840180" elapsed="0.000499"/>
</kw>
<var name="${index}">captain</var>
<status status="PASS" start="2025-03-04T10:09:43.839278" elapsed="0.001428"/>
</iter>
<iter>
<kw name="Evaluate" owner="BuiltIn">
<msg time="2025-03-04T10:09:43.840965" level="INFO">${number} = 1</msg>
<var>${number}</var>
<arg>${i}%2</arg>
<doc>Evaluates the given expression in Python and returns the result.</doc>
<status status="PASS" start="2025-03-04T10:09:43.840854" elapsed="0.000125"/>
</kw>
<kw name="Log To Console" owner="BuiltIn">
<arg>${number}</arg>
<doc>Logs the given message to the console.</doc>
<status status="PASS" start="2025-03-04T10:09:43.841034" elapsed="0.000085"/>
</kw>
<if>
<branch type="IF" condition="${number}==0">
<kw name="Log To Console" owner="BuiltIn">
<arg>${i}</arg>
<doc>Logs the given message to the console.</doc>
<status status="NOT RUN" start="2025-03-04T10:09:43.841239" elapsed="0.000010"/>
</kw>
<status status="NOT RUN" start="2025-03-04T10:09:43.841158" elapsed="0.000109"/>
</branch>
<status status="PASS" start="2025-03-04T10:09:43.841148" elapsed="0.000133"/>
</if>
<kw name="Evaluate" owner="BuiltIn">
<msg time="2025-03-04T10:09:43.841419" level="INFO">${i} = 4</msg>
<var>${i}</var>
<arg>${i}+1</arg>
<doc>Evaluates the given expression in Python and returns the result.</doc>
<status status="PASS" start="2025-03-04T10:09:43.841324" elapsed="0.000108"/>
</kw>
<kw name="Exit For Loop If" owner="BuiltIn">
<arg>"${index.lower()}" == "blackwindow"</arg>
<doc>Stops executing the enclosing FOR loop if the ``condition`` is true.</doc>
<status status="PASS" start="2025-03-04T10:09:43.841478" elapsed="0.000419"/>
</kw>
<var name="${index}">superman</var>
<status status="PASS" start="2025-03-04T10:09:43.840804" elapsed="0.001114"/>
</iter>
<iter>
<kw name="Evaluate" owner="BuiltIn">
<msg time="2025-03-04T10:09:43.842132" level="INFO">${number} = 0</msg>
<var>${number}</var>
<arg>${i}%2</arg>
<doc>Evaluates the given expression in Python and returns the result.</doc>
<status status="PASS" start="2025-03-04T10:09:43.842038" elapsed="0.000107"/>
</kw>
<kw name="Log To Console" owner="BuiltIn">
<arg>${number}</arg>
<doc>Logs the given message to the console.</doc>
<status status="PASS" start="2025-03-04T10:09:43.842193" elapsed="0.000075"/>
</kw>
<if>
<branch type="IF" condition="${number}==0">
<kw name="Log To Console" owner="BuiltIn">
<arg>${i}</arg>
<doc>Logs the given message to the console.</doc>
<status status="PASS" start="2025-03-04T10:09:43.842376" elapsed="0.000076"/>
</kw>
<status status="PASS" start="2025-03-04T10:09:43.842302" elapsed="0.000168"/>
</branch>
<status status="PASS" start="2025-03-04T10:09:43.842294" elapsed="0.000190"/>
</if>
<kw name="Evaluate" owner="BuiltIn">
<msg time="2025-03-04T10:09:43.842620" level="INFO">${i} = 5</msg>
<var>${i}</var>
<arg>${i}+1</arg>
<doc>Evaluates the given expression in Python and returns the result.</doc>
<status status="PASS" start="2025-03-04T10:09:43.842528" elapsed="0.000103"/>
</kw>
<kw name="Exit For Loop If" owner="BuiltIn">
<arg>"${index.lower()}" == "blackwindow"</arg>
<doc>Stops executing the enclosing FOR loop if the ``condition`` is true.</doc>
<status status="PASS" start="2025-03-04T10:09:43.842723" elapsed="0.000413"/>
</kw>
<var name="${index}">hulk</var>
<status status="PASS" start="2025-03-04T10:09:43.841999" elapsed="0.001159"/>
</iter>
<iter>
<kw name="Evaluate" owner="BuiltIn">
<msg time="2025-03-04T10:09:43.843366" level="INFO">${number} = 1</msg>
<var>${number}</var>
<arg>${i}%2</arg>
<doc>Evaluates the given expression in Python and returns the result.</doc>
<status status="PASS" start="2025-03-04T10:09:43.843275" elapsed="0.000103"/>
</kw>
<kw name="Log To Console" owner="BuiltIn">
<arg>${number}</arg>
<doc>Logs the given message to the console.</doc>
<status status="PASS" start="2025-03-04T10:09:43.843426" elapsed="0.000071"/>
</kw>
<if>
<branch type="IF" condition="${number}==0">
<kw name="Log To Console" owner="BuiltIn">
<arg>${i}</arg>
<doc>Logs the given message to the console.</doc>
<status status="NOT RUN" start="2025-03-04T10:09:43.843606" elapsed="0.000010"/>
</kw>
<status status="NOT RUN" start="2025-03-04T10:09:43.843532" elapsed="0.000101"/>
</branch>
<status status="PASS" start="2025-03-04T10:09:43.843524" elapsed="0.000122"/>
</if>
<kw name="Evaluate" owner="BuiltIn">
<msg time="2025-03-04T10:09:43.843777" level="INFO">${i} = 6</msg>
<var>${i}</var>
<arg>${i}+1</arg>
<doc>Evaluates the given expression in Python and returns the result.</doc>
<status status="PASS" start="2025-03-04T10:09:43.843689" elapsed="0.000101"/>
</kw>
<kw name="Exit For Loop If" owner="BuiltIn">
<arg>"${index.lower()}" == "blackwindow"</arg>
<doc>Stops executing the enclosing FOR loop if the ``condition`` is true.</doc>
<status status="PASS" start="2025-03-04T10:09:43.843837" elapsed="0.000397"/>
</kw>
<var name="${index}">shazam</var>
<status status="PASS" start="2025-03-04T10:09:43.843235" elapsed="0.001019"/>
</iter>
<iter>
<kw name="Evaluate" owner="BuiltIn">
<msg time="2025-03-04T10:09:43.844463" level="INFO">${number} = 0</msg>
<var>${number}</var>
<arg>${i}%2</arg>
<doc>Evaluates the given expression in Python and returns the result.</doc>
<status status="PASS" start="2025-03-04T10:09:43.844373" elapsed="0.000102"/>
</kw>
<kw name="Log To Console" owner="BuiltIn">
<arg>${number}</arg>
<doc>Logs the given message to the console.</doc>
<status status="PASS" start="2025-03-04T10:09:43.844520" elapsed="0.000072"/>
</kw>
<if>
<branch type="IF" condition="${number}==0">
<kw name="Log To Console" owner="BuiltIn">
<arg>${i}</arg>
<doc>Logs the given message to the console.</doc>
<status status="PASS" start="2025-03-04T10:09:43.844696" elapsed="0.000069"/>
</kw>
<status status="PASS" start="2025-03-04T10:09:43.844625" elapsed="0.000157"/>
</branch>
<status status="PASS" start="2025-03-04T10:09:43.844617" elapsed="0.000178"/>
</if>
<kw name="Evaluate" owner="BuiltIn">
<msg time="2025-03-04T10:09:43.844924" level="INFO">${i} = 7</msg>
<var>${i}</var>
<arg>${i}+1</arg>
<doc>Evaluates the given expression in Python and returns the result.</doc>
<status status="PASS" start="2025-03-04T10:09:43.844837" elapsed="0.000098"/>
</kw>
<kw name="Exit For Loop If" owner="BuiltIn">
<arg>"${index.lower()}" == "blackwindow"</arg>
<doc>Stops executing the enclosing FOR loop if the ``condition`` is true.</doc>
<status status="PASS" start="2025-03-04T10:09:43.844979" elapsed="0.000392"/>
</kw>
<var name="${index}">thor</var>
<status status="PASS" start="2025-03-04T10:09:43.844329" elapsed="0.001063"/>
</iter>
<iter>
<kw name="Evaluate" owner="BuiltIn">
<msg time="2025-03-04T10:09:43.845597" level="INFO">${number} = 1</msg>
<var>${number}</var>
<arg>${i}%2</arg>
<doc>Evaluates the given expression in Python and returns the result.</doc>
<status status="PASS" start="2025-03-04T10:09:43.845504" elapsed="0.000105"/>
</kw>
<kw name="Log To Console" owner="BuiltIn">
<arg>${number}</arg>
<doc>Logs the given message to the console.</doc>
<status status="PASS" start="2025-03-04T10:09:43.845655" elapsed="0.000072"/>
</kw>
<if>
<branch type="IF" condition="${number}==0">
<kw name="Log To Console" owner="BuiltIn">
<arg>${i}</arg>
<doc>Logs the given message to the console.</doc>
<status status="NOT RUN" start="2025-03-04T10:09:43.845831" elapsed="0.000009"/>
</kw>
<status status="NOT RUN" start="2025-03-04T10:09:43.845759" elapsed="0.000096"/>
</branch>
<status status="PASS" start="2025-03-04T10:09:43.845751" elapsed="0.000116"/>
</if>
<kw name="Evaluate" owner="BuiltIn">
<msg time="2025-03-04T10:09:43.845994" level="INFO">${i} = 8</msg>
<var>${i}</var>
<arg>${i}+1</arg>
<doc>Evaluates the given expression in Python and returns the result.</doc>
<status status="PASS" start="2025-03-04T10:09:43.845907" elapsed="0.000098"/>
</kw>
<kw name="Exit For Loop If" owner="BuiltIn">
<arg>"${index.lower()}" == "blackwindow"</arg>
<doc>Stops executing the enclosing FOR loop if the ``condition`` is true.</doc>
<status status="PASS" start="2025-03-04T10:09:43.846049" elapsed="0.000391"/>
</kw>
<var name="${index}">flash</var>
<status status="PASS" start="2025-03-04T10:09:43.845466" elapsed="0.000994"/>
</iter>
<iter>
<kw name="Evaluate" owner="BuiltIn">
<msg time="2025-03-04T10:09:43.846659" level="INFO">${number} = 0</msg>
<var>${number}</var>
<arg>${i}%2</arg>
<doc>Evaluates the given expression in Python and returns the result.</doc>
<status status="PASS" start="2025-03-04T10:09:43.846571" elapsed="0.000100"/>
</kw>
<kw name="Log To Console" owner="BuiltIn">
<arg>${number}</arg>
<doc>Logs the given message to the console.</doc>
<status status="PASS" start="2025-03-04T10:09:43.846717" elapsed="0.000075"/>
</kw>
<if>
<branch type="IF" condition="${number}==0">
<kw name="Log To Console" owner="BuiltIn">
<arg>${i}</arg>
<doc>Logs the given message to the console.</doc>
<status status="PASS" start="2025-03-04T10:09:43.846902" elapsed="0.000066"/>
</kw>
<status status="PASS" start="2025-03-04T10:09:43.846826" elapsed="0.000159"/>
</branch>
<status status="PASS" start="2025-03-04T10:09:43.846818" elapsed="0.000180"/>
</if>
<kw name="Evaluate" owner="BuiltIn">
<msg time="2025-03-04T10:09:43.847125" level="INFO">${i} = 9</msg>
<var>${i}</var>
<arg>${i}+1</arg>
<doc>Evaluates the given expression in Python and returns the result.</doc>
<status status="PASS" start="2025-03-04T10:09:43.847040" elapsed="0.000096"/>
</kw>
<kw name="Exit For Loop If" owner="BuiltIn">
<msg time="2025-03-04T10:09:43.847568" level="INFO">Exiting for loop altogether.</msg>
<arg>"${index.lower()}" == "blackwindow"</arg>
<doc>Stops executing the enclosing FOR loop if the ``condition`` is true.</doc>
<status status="PASS" start="2025-03-04T10:09:43.847180" elapsed="0.000430"/>
</kw>
<var name="${index}">blackwindow</var>
<status status="PASS" start="2025-03-04T10:09:43.846533" elapsed="0.001100"/>
</iter>
<var>${index}</var>
<value>@{hero}</value>
<status status="PASS" start="2025-03-04T10:09:43.836232" elapsed="0.011419"/>
</for>
<status status="PASS" start="2025-03-04T10:09:43.835510" elapsed="0.012226"/>
</test>
<status status="PASS" start="2025-03-04T10:09:43.821186" elapsed="0.026822"/>
</suite>
<statistics>
<total>
<stat pass="1" fail="0" skip="0">All Tests</stat>
</total>
<tag>
</tag>
<suite>
<stat pass="1" fail="0" skip="0" id="s1" name="For Loop">For Loop</stat>
</suite>
</statistics>
<errors>
</errors>
</robot>
